<?xml version="1.0" encoding="UTF-8" ?>
<testsuite failures="0" time="0.034" errors="0" skipped="0" tests="5" name="de.uni_potsdam.hpi.metanome.algorithm_helper.data_structures.SubSuperSetGraphTest">
  <properties>
[...]
</properties>
  <testcase time="0.017" classname="de.uni_potsdam.hpi.metanome.algorithm_helper.data_structures.SubSuperSetGraphTest" name="testAdd"/>
  <testcase time="0.005" classname="de.uni_potsdam.hpi.metanome.algorithm_helper.data_structures.SubSuperSetGraphTest" name="testGetExistingSubsets"/>
  <testcase time="0.008" classname="de.uni_potsdam.hpi.metanome.algorithm_helper.data_structures.SubSuperSetGraphTest" name="testAddAll"/>
  <testcase time="0.001" classname="de.uni_potsdam.hpi.metanome.algorithm_helper.data_structures.SubSuperSetGraphTest" name="testEqualsAndHashCode"/>
  <testcase time="0" classname="de.uni_potsdam.hpi.metanome.algorithm_helper.data_structures.SubSuperSetGraphTest" name="testIsEmpty"/>
</testsuite>