<?xml version="1.0"?>
<!DOCTYPE coverage SYSTEM "http://cobertura.sourceforge.net/xml/coverage-04.dtd">

<coverage line-rate="0.9804878048780488" branch-rate="0.875" lines-covered="201" lines-valid="205" branches-covered="98" branches-valid="112" complexity="2.5121951219512195" version="2.0.3" timestamp="1397639426298">
	<sources>
		<source>--source</source>
		<source>/Users/Claudia/Uni/Job/MetanomeWorkspace/metanome/algorithm_helper/src/main/java</source>
	</sources>
	<packages>
		<package name="de.uni_potsdam.hpi.metanome.algorithm_helper.data_structures" line-rate="0.9804878048780488" branch-rate="0.875" complexity="2.5121951219512195">
			<classes>
				<class name="de.uni_potsdam.hpi.metanome.algorithm_helper.data_structures.ColumnCombinationBitset" filename="de/uni_potsdam/hpi/metanome/algorithm_helper/data_structures/ColumnCombinationBitset.java" line-rate="0.9753086419753086" branch-rate="0.9166666666666666" complexity="2.4545454545454546">
					<methods>
						<method name="&lt;init&gt;" signature="(Lde/uni_potsdam/hpi/metanome/algorithm_helper/data_structures/ColumnCombinationBitset;)V" line-rate="1.0" branch-rate="1.0">
							<lines>
								<line number="37" hits="2450" branch="false"/>
								<line number="53" hits="1127" branch="false"/>
								<line number="54" hits="1127" branch="false"/>
								<line number="55" hits="1127" branch="false"/>
							</lines>
						</method>
						<method name="&lt;init&gt;" signature="([I)V" line-rate="1.0" branch-rate="1.0">
							<lines>
								<line number="39" hits="1323" branch="false"/>
								<line number="40" hits="1323" branch="false"/>
								<line number="42" hits="4011" branch="true" condition-coverage="100% (2/2)">
									<conditions>
										<condition number="0" type="jump" coverage="100%"/>
									</conditions>
								</line>
								<line number="44" hits="2688" branch="false"/>
								<line number="46" hits="1323" branch="false"/>
							</lines>
						</method>
						<method name="addColumn" signature="(I)Lde/uni_potsdam/hpi/metanome/algorithm_helper/data_structures/ColumnCombinationBitset;" line-rate="1.0" branch-rate="1.0">
							<lines>
								<line number="77" hits="4116" branch="true" condition-coverage="100% (2/2)">
									<conditions>
										<condition number="0" type="jump" coverage="100%"/>
									</conditions>
								</line>
								<line number="78" hits="4095" branch="false"/>
								<line number="81" hits="4116" branch="false"/>
								<line number="83" hits="4116" branch="false"/>
							</lines>
						</method>
						<method name="containsColumn" signature="(I)Z" line-rate="1.0" branch-rate="1.0">
							<lines>
								<line number="537" hits="119" branch="false"/>
							</lines>
						</method>
						<method name="containsProperSubset" signature="(Lde/uni_potsdam/hpi/metanome/algorithm_helper/data_structures/ColumnCombinationBitset;)Z" line-rate="1.0" branch-rate="1.0">
							<lines>
								<line number="184" hits="98" branch="true" condition-coverage="100% (4/4)">
									<conditions>
										<condition number="0" type="jump" coverage="100%"/>
										<condition number="1" type="jump" coverage="100%"/>
									</conditions>
								</line>
							</lines>
						</method>
						<method name="containsSubset" signature="(Lde/uni_potsdam/hpi/metanome/algorithm_helper/data_structures/ColumnCombinationBitset;)Z" line-rate="1.0" branch-rate="1.0">
							<lines>
								<line number="171" hits="406" branch="false"/>
								<line number="172" hits="406" branch="false"/>
								<line number="173" hits="406" branch="false"/>
							</lines>
						</method>
						<method name="createColumnCombination" signature="(Ljava/lang/String;Lcom/google/common/collect/ImmutableList;)Lde/uni_potsdam/hpi/metanome/algorithm_integration/ColumnCombination;" line-rate="1.0" branch-rate="1.0">
							<lines>
								<line number="505" hits="14" branch="false"/>
								<line number="506" hits="14" branch="false"/>
								<line number="507" hits="14" branch="true" condition-coverage="100% (2/2)">
									<conditions>
										<condition number="0" type="jump" coverage="100%"/>
									</conditions>
								</line>
								<line number="508" hits="28" branch="false"/>
								<line number="509" hits="28" branch="false"/>
								<line number="510" hits="28" branch="false"/>
								<line number="512" hits="14" branch="false"/>
							</lines>
						</method>
						<method name="equals" signature="(Ljava/lang/Object;)Z" line-rate="0.6923076923076923" branch-rate="0.6428571428571429">
							<lines>
								<line number="113" hits="1190" branch="true" condition-coverage="100% (2/2)">
									<conditions>
										<condition number="0" type="jump" coverage="100%"/>
									</conditions>
								</line>
								<line number="114" hits="91" branch="false"/>
								<line number="115" hits="1099" branch="true" condition-coverage="50% (1/2)">
									<conditions>
										<condition number="0" type="jump" coverage="50%"/>
									</conditions>
								</line>
								<line number="116" hits="0" branch="false"/>
								<line number="117" hits="1099" branch="true" condition-coverage="50% (1/2)">
									<conditions>
										<condition number="0" type="jump" coverage="50%"/>
									</conditions>
								</line>
								<line number="118" hits="0" branch="false"/>
								<line number="119" hits="1099" branch="false"/>
								<line number="120" hits="1099" branch="true" condition-coverage="50% (1/2)">
									<conditions>
										<condition number="0" type="jump" coverage="50%"/>
									</conditions>
								</line>
								<line number="121" hits="0" branch="true" condition-coverage="0% (0/2)">
									<conditions>
										<condition number="0" type="jump" coverage="0%"/>
									</conditions>
								</line>
								<line number="122" hits="0" branch="false"/>
								<line number="123" hits="1099" branch="true" condition-coverage="100% (2/2)">
									<conditions>
										<condition number="0" type="jump" coverage="100%"/>
									</conditions>
								</line>
								<line number="124" hits="259" branch="false"/>
								<line number="125" hits="840" branch="true" condition-coverage="100% (2/2)">
									<conditions>
										<condition number="0" type="jump" coverage="100%"/>
									</conditions>
								</line>
							</lines>
						</method>
						<method name="getAllSubsets" signature="()Ljava/util/List;" line-rate="1.0" branch-rate="1.0">
							<lines>
								<line number="194" hits="21" branch="false"/>
								<line number="196" hits="21" branch="false"/>
								<line number="197" hits="21" branch="false"/>
								<line number="198" hits="21" branch="false"/>
								<line number="199" hits="21" branch="false"/>
								<line number="200" hits="56" branch="true" condition-coverage="100% (2/2)">
									<conditions>
										<condition number="0" type="jump" coverage="100%"/>
									</conditions>
								</line>
								<line number="201" hits="147" branch="true" condition-coverage="100% (2/2)">
									<conditions>
										<condition number="0" type="jump" coverage="100%"/>
									</conditions>
								</line>
								<line number="202" hits="112" branch="false"/>
								<line number="203" hits="112" branch="false"/>
								<line number="204" hits="112" branch="false"/>
								<line number="205" hits="35" branch="false"/>
								<line number="206" hits="35" branch="false"/>
								<line number="207" hits="35" branch="false"/>
								<line number="210" hits="21" branch="false"/>
							</lines>
						</method>
						<method name="getClearedBits" signature="(I)Ljava/util/List;" line-rate="1.0" branch-rate="1.0">
							<lines>
								<line number="331" hits="7" branch="false"/>
								<line number="333" hits="56" branch="true" condition-coverage="100% (2/2)">
									<conditions>
										<condition number="0" type="jump" coverage="100%"/>
									</conditions>
								</line>
								<line number="334" hits="49" branch="true" condition-coverage="100% (2/2)">
									<conditions>
										<condition number="0" type="jump" coverage="100%"/>
									</conditions>
								</line>
								<line number="335" hits="21" branch="false"/>
								<line number="339" hits="7" branch="false"/>
							</lines>
						</method>
						<method name="getContainedOneColumnCombinations" signature="()Ljava/util/List;" line-rate="1.0" branch-rate="1.0">
							<lines>
								<line number="364" hits="7" branch="false"/>
								<line number="366" hits="7" branch="true" condition-coverage="100% (2/2)">
									<conditions>
										<condition number="0" type="jump" coverage="100%"/>
									</conditions>
								</line>
								<line number="367" hits="28" branch="false"/>
								<line number="368" hits="28" branch="false"/>
								<line number="370" hits="7" branch="false"/>
							</lines>
						</method>
						<method name="getDirectSubsets" signature="()Ljava/util/List;" line-rate="1.0" branch-rate="1.0">
							<lines>
								<line number="436" hits="119" branch="false"/>
							</lines>
						</method>
						<method name="getDirectSubsetsSupersetOf" signature="(Lde/uni_potsdam/hpi/metanome/algorithm_helper/data_structures/ColumnCombinationBitset;)Ljava/util/List;" line-rate="1.0" branch-rate="1.0">
							<lines>
								<line number="446" hits="84" branch="true" condition-coverage="100% (2/2)">
									<conditions>
										<condition number="0" type="jump" coverage="100%"/>
									</conditions>
								</line>
								<line number="447" hits="7" branch="false"/>
								<line number="450" hits="77" branch="false"/>
							</lines>
						</method>
						<method name="getDirectSubsetsSupersetOfFast" signature="(Lde/uni_potsdam/hpi/metanome/algorithm_helper/data_structures/ColumnCombinationBitset;)Ljava/util/List;" line-rate="1.0" branch-rate="1.0">
							<lines>
								<line number="463" hits="196" branch="true" condition-coverage="100% (2/2)">
									<conditions>
										<condition number="0" type="jump" coverage="100%"/>
									</conditions>
								</line>
								<line number="464" hits="119" branch="false"/>
								<line number="466" hits="77" branch="false"/>
								<line number="469" hits="196" branch="false"/>
								<line number="472" hits="196" branch="true" condition-coverage="100% (2/2)">
									<conditions>
										<condition number="0" type="jump" coverage="100%"/>
									</conditions>
								</line>
								<line number="473" hits="497" branch="false"/>
								<line number="474" hits="497" branch="false"/>
								<line number="475" hits="497" branch="false"/>
								<line number="476" hits="497" branch="false"/>
								<line number="478" hits="196" branch="false"/>
							</lines>
						</method>
						<method name="getDirectSupersets" signature="(I)Ljava/util/List;" line-rate="1.0" branch-rate="1.0">
							<lines>
								<line number="406" hits="7" branch="false"/>
							</lines>
						</method>
						<method name="getDirectSupersets" signature="(Lde/uni_potsdam/hpi/metanome/algorithm_helper/data_structures/ColumnCombinationBitset;)Ljava/util/List;" line-rate="1.0" branch-rate="1.0">
							<lines>
								<line number="416" hits="182" branch="false"/>
								<line number="419" hits="182" branch="true" condition-coverage="100% (2/2)">
									<conditions>
										<condition number="0" type="jump" coverage="100%"/>
									</conditions>
								</line>
								<line number="420" hits="840" branch="true" condition-coverage="100% (2/2)">
									<conditions>
										<condition number="0" type="jump" coverage="100%"/>
									</conditions>
								</line>
								<line number="421" hits="490" branch="false"/>
								<line number="422" hits="490" branch="false"/>
								<line number="423" hits="490" branch="false"/>
								<line number="425" hits="840" branch="false"/>
								<line number="427" hits="182" branch="false"/>
							</lines>
						</method>
						<method name="getNSubsetColumnCombinations" signature="(I)Ljava/util/List;" line-rate="1.0" branch-rate="1.0">
							<lines>
								<line number="220" hits="14" branch="false"/>
							</lines>
						</method>
						<method name="getNSubsetColumnCombinationsSupersetOf" signature="(Lde/uni_potsdam/hpi/metanome/algorithm_helper/data_structures/ColumnCombinationBitset;I)Ljava/util/List;" line-rate="1.0" branch-rate="1.0">
							<lines>
								<line number="234" hits="49" branch="true" condition-coverage="100% (2/2)">
									<conditions>
										<condition number="0" type="jump" coverage="100%"/>
									</conditions>
								</line>
								<line number="235" hits="21" branch="false"/>
								<line number="237" hits="28" branch="false"/>
							</lines>
						</method>
						<method name="getNSubsetColumnCombinationsSupersetOfBottomUp" signature="(Lde/uni_potsdam/hpi/metanome/algorithm_helper/data_structures/ColumnCombinationBitset;I)Ljava/util/List;" line-rate="1.0" branch-rate="1.0">
							<lines>
								<line number="249" hits="56" branch="true" condition-coverage="100% (4/4)">
									<conditions>
										<condition number="0" type="jump" coverage="100%"/>
										<condition number="1" type="jump" coverage="100%"/>
									</conditions>
								</line>
								<line number="250" hits="14" branch="false"/>
								<line number="253" hits="42" branch="false"/>
								<line number="254" hits="42" branch="false"/>
								<line number="255" hits="42" branch="false"/>
								<line number="257" hits="105" branch="true" condition-coverage="100% (2/2)">
									<conditions>
										<condition number="0" type="jump" coverage="100%"/>
									</conditions>
								</line>
								<line number="258" hits="231" branch="true" condition-coverage="100% (2/2)">
									<conditions>
										<condition number="0" type="jump" coverage="100%"/>
									</conditions>
								</line>
								<line number="259" hits="168" branch="false"/>
								<line number="260" hits="168" branch="false"/>
								<line number="261" hits="168" branch="false"/>
								<line number="262" hits="63" branch="false"/>
								<line number="263" hits="63" branch="false"/>
								<line number="266" hits="42" branch="false"/>
							</lines>
						</method>
						<method name="getNSubsetColumnCombinationsSupersetOfTopDown" signature="(Lde/uni_potsdam/hpi/metanome/algorithm_helper/data_structures/ColumnCombinationBitset;I)Ljava/util/List;" line-rate="1.0" branch-rate="0.9166666666666666">
							<lines>
								<line number="276" hits="49" branch="true" condition-coverage="100% (4/4)">
									<conditions>
										<condition number="0" type="jump" coverage="100%"/>
										<condition number="1" type="jump" coverage="100%"/>
									</conditions>
								</line>
								<line number="277" hits="14" branch="false"/>
								<line number="280" hits="35" branch="false"/>
								<line number="281" hits="35" branch="false"/>
								<line number="282" hits="35" branch="false"/>
								<line number="284" hits="70" branch="true" condition-coverage="100% (2/2)">
									<conditions>
										<condition number="0" type="jump" coverage="100%"/>
									</conditions>
								</line>
								<line number="285" hits="105" branch="true" condition-coverage="100% (2/2)">
									<conditions>
										<condition number="0" type="jump" coverage="100%"/>
									</conditions>
								</line>
								<line number="286" hits="70" branch="false"/>
								<line number="287" hits="70" branch="true" condition-coverage="100% (2/2)">
									<conditions>
										<condition number="0" type="jump" coverage="100%"/>
									</conditions>
								</line>
								<line number="288" hits="224" branch="true" condition-coverage="50% (1/2)">
									<conditions>
										<condition number="0" type="jump" coverage="50%"/>
									</conditions>
								</line>
								<line number="289" hits="224" branch="false"/>
								<line number="291" hits="224" branch="false"/>
								<line number="292" hits="70" branch="false"/>
								<line number="293" hits="35" branch="false"/>
								<line number="294" hits="35" branch="false"/>
								<line number="297" hits="35" branch="false"/>
							</lines>
						</method>
						<method name="getSetBits" signature="()Ljava/util/List;" line-rate="1.0" branch-rate="1.0">
							<lines>
								<line number="306" hits="910" branch="false"/>
								<line number="308" hits="910" branch="false"/>
								<line number="310" hits="5299" branch="false"/>
								<line number="312" hits="5299" branch="true" condition-coverage="100% (2/2)">
									<conditions>
										<condition number="0" type="jump" coverage="100%"/>
									</conditions>
								</line>
								<line number="313" hits="910" branch="false"/>
								<line number="315" hits="4389" branch="false"/>
								<line number="318" hits="4389" branch="false"/>
								<line number="321" hits="910" branch="false"/>
							</lines>
						</method>
						<method name="hashCode" signature="()I" line-rate="1.0" branch-rate="0.5">
							<lines>
								<line number="104" hits="973" branch="false"/>
								<line number="105" hits="973" branch="false"/>
								<line number="106" hits="973" branch="true" condition-coverage="50% (1/2)">
									<conditions>
										<condition number="0" type="jump" coverage="50%"/>
									</conditions>
								</line>
								<line number="107" hits="973" branch="false"/>
								<line number="108" hits="973" branch="false"/>
							</lines>
						</method>
						<method name="intersect" signature="(Lde/uni_potsdam/hpi/metanome/algorithm_helper/data_structures/ColumnCombinationBitset;)Lde/uni_potsdam/hpi/metanome/algorithm_helper/data_structures/ColumnCombinationBitset;" line-rate="1.0" branch-rate="1.0">
							<lines>
								<line number="394" hits="21" branch="false"/>
								<line number="395" hits="21" branch="false"/>
								<line number="396" hits="21" branch="false"/>
							</lines>
						</method>
						<method name="isEmpty" signature="()Z" line-rate="1.0" branch-rate="1.0">
							<lines>
								<line number="494" hits="28" branch="true" condition-coverage="100% (2/2)">
									<conditions>
										<condition number="0" type="jump" coverage="100%"/>
									</conditions>
								</line>
							</lines>
						</method>
						<method name="isProperSubsetOf" signature="(Lde/uni_potsdam/hpi/metanome/algorithm_helper/data_structures/ColumnCombinationBitset;)Z" line-rate="1.0" branch-rate="1.0">
							<lines>
								<line number="161" hits="28" branch="true" condition-coverage="100% (4/4)">
									<conditions>
										<condition number="0" type="jump" coverage="100%"/>
										<condition number="1" type="jump" coverage="100%"/>
									</conditions>
								</line>
							</lines>
						</method>
						<method name="isSubsetOf" signature="(Lde/uni_potsdam/hpi/metanome/algorithm_helper/data_structures/ColumnCombinationBitset;)Z" line-rate="1.0" branch-rate="1.0">
							<lines>
								<line number="150" hits="49" branch="false"/>
							</lines>
						</method>
						<method name="minus" signature="(Lde/uni_potsdam/hpi/metanome/algorithm_helper/data_structures/ColumnCombinationBitset;)Lde/uni_potsdam/hpi/metanome/algorithm_helper/data_structures/ColumnCombinationBitset;" line-rate="1.0" branch-rate="1.0">
							<lines>
								<line number="352" hits="84" branch="false"/>
								<line number="353" hits="84" branch="false"/>
								<line number="355" hits="84" branch="false"/>
							</lines>
						</method>
						<method name="removeColumn" signature="(I)Lde/uni_potsdam/hpi/metanome/algorithm_helper/data_structures/ColumnCombinationBitset;" line-rate="1.0" branch-rate="1.0">
							<lines>
								<line number="93" hits="539" branch="true" condition-coverage="100% (2/2)">
									<conditions>
										<condition number="0" type="jump" coverage="100%"/>
									</conditions>
								</line>
								<line number="94" hits="532" branch="false"/>
								<line number="97" hits="539" branch="false"/>
								<line number="99" hits="539" branch="false"/>
							</lines>
						</method>
						<method name="setAllBits" signature="(I)Lde/uni_potsdam/hpi/metanome/algorithm_helper/data_structures/ColumnCombinationBitset;" line-rate="1.0" branch-rate="1.0">
							<lines>
								<line number="523" hits="14" branch="false"/>
								<line number="524" hits="14" branch="false"/>
								<line number="525" hits="112" branch="true" condition-coverage="100% (2/2)">
									<conditions>
										<condition number="0" type="jump" coverage="100%"/>
									</conditions>
								</line>
								<line number="526" hits="98" branch="false"/>
								<line number="529" hits="14" branch="false"/>
							</lines>
						</method>
						<method name="setColumns" signature="(Lorg/apache/lucene/util/OpenBitSet;)Lde/uni_potsdam/hpi/metanome/algorithm_helper/data_structures/ColumnCombinationBitset;" line-rate="1.0" branch-rate="1.0">
							<lines>
								<line number="64" hits="1260" branch="false"/>
								<line number="65" hits="1260" branch="false"/>
								<line number="67" hits="1260" branch="false"/>
							</lines>
						</method>
						<method name="size" signature="()I" line-rate="1.0" branch-rate="1.0">
							<lines>
								<line number="487" hits="2016" branch="false"/>
							</lines>
						</method>
						<method name="toString" signature="()Ljava/lang/String;" line-rate="1.0" branch-rate="1.0">
							<lines>
								<line number="130" hits="7" branch="false"/>
								<line number="132" hits="7" branch="false"/>
								<line number="134" hits="7" branch="false"/>
								<line number="136" hits="35" branch="true" condition-coverage="100% (2/2)">
									<conditions>
										<condition number="0" type="jump" coverage="100%"/>
									</conditions>
								</line>
								<line number="137" hits="28" branch="true" condition-coverage="100% (2/2)">
									<conditions>
										<condition number="0" type="jump" coverage="100%"/>
									</conditions>
								</line>
								<line number="140" hits="7" branch="false"/>
							</lines>
						</method>
						<method name="union" signature="(Lde/uni_potsdam/hpi/metanome/algorithm_helper/data_structures/ColumnCombinationBitset;)Lde/uni_potsdam/hpi/metanome/algorithm_helper/data_structures/ColumnCombinationBitset;" line-rate="1.0" branch-rate="1.0">
							<lines>
								<line number="381" hits="14" branch="false"/>
								<line number="382" hits="14" branch="false"/>
								<line number="383" hits="14" branch="false"/>
							</lines>
						</method>
					</methods>
					<lines>
						<line number="37" hits="2450" branch="false"/>
						<line number="39" hits="1323" branch="false"/>
						<line number="40" hits="1323" branch="false"/>
						<line number="42" hits="4011" branch="true" condition-coverage="100% (2/2)">
							<conditions>
								<condition number="0" type="jump" coverage="100%"/>
							</conditions>
						</line>
						<line number="44" hits="2688" branch="false"/>
						<line number="46" hits="1323" branch="false"/>
						<line number="53" hits="1127" branch="false"/>
						<line number="54" hits="1127" branch="false"/>
						<line number="55" hits="1127" branch="false"/>
						<line number="64" hits="1260" branch="false"/>
						<line number="65" hits="1260" branch="false"/>
						<line number="67" hits="1260" branch="false"/>
						<line number="77" hits="4116" branch="true" condition-coverage="100% (2/2)">
							<conditions>
								<condition number="0" type="jump" coverage="100%"/>
							</conditions>
						</line>
						<line number="78" hits="4095" branch="false"/>
						<line number="81" hits="4116" branch="false"/>
						<line number="83" hits="4116" branch="false"/>
						<line number="93" hits="539" branch="true" condition-coverage="100% (2/2)">
							<conditions>
								<condition number="0" type="jump" coverage="100%"/>
							</conditions>
						</line>
						<line number="94" hits="532" branch="false"/>
						<line number="97" hits="539" branch="false"/>
						<line number="99" hits="539" branch="false"/>
						<line number="104" hits="973" branch="false"/>
						<line number="105" hits="973" branch="false"/>
						<line number="106" hits="973" branch="true" condition-coverage="50% (1/2)">
							<conditions>
								<condition number="0" type="jump" coverage="50%"/>
							</conditions>
						</line>
						<line number="107" hits="973" branch="false"/>
						<line number="108" hits="973" branch="false"/>
						<line number="113" hits="1190" branch="true" condition-coverage="100% (2/2)">
							<conditions>
								<condition number="0" type="jump" coverage="100%"/>
							</conditions>
						</line>
						<line number="114" hits="91" branch="false"/>
						<line number="115" hits="1099" branch="true" condition-coverage="50% (1/2)">
							<conditions>
								<condition number="0" type="jump" coverage="50%"/>
							</conditions>
						</line>
						<line number="116" hits="0" branch="false"/>
						<line number="117" hits="1099" branch="true" condition-coverage="50% (1/2)">
							<conditions>
								<condition number="0" type="jump" coverage="50%"/>
							</conditions>
						</line>
						<line number="118" hits="0" branch="false"/>
						<line number="119" hits="1099" branch="false"/>
						<line number="120" hits="1099" branch="true" condition-coverage="50% (1/2)">
							<conditions>
								<condition number="0" type="jump" coverage="50%"/>
							</conditions>
						</line>
						<line number="121" hits="0" branch="true" condition-coverage="0% (0/2)">
							<conditions>
								<condition number="0" type="jump" coverage="0%"/>
							</conditions>
						</line>
						<line number="122" hits="0" branch="false"/>
						<line number="123" hits="1099" branch="true" condition-coverage="100% (2/2)">
							<conditions>
								<condition number="0" type="jump" coverage="100%"/>
							</conditions>
						</line>
						<line number="124" hits="259" branch="false"/>
						<line number="125" hits="840" branch="true" condition-coverage="100% (2/2)">
							<conditions>
								<condition number="0" type="jump" coverage="100%"/>
							</conditions>
						</line>
						<line number="130" hits="7" branch="false"/>
						<line number="132" hits="7" branch="false"/>
						<line number="134" hits="7" branch="false"/>
						<line number="136" hits="35" branch="true" condition-coverage="100% (2/2)">
							<conditions>
								<condition number="0" type="jump" coverage="100%"/>
							</conditions>
						</line>
						<line number="137" hits="28" branch="true" condition-coverage="100% (2/2)">
							<conditions>
								<condition number="0" type="jump" coverage="100%"/>
							</conditions>
						</line>
						<line number="140" hits="7" branch="false"/>
						<line number="150" hits="49" branch="false"/>
						<line number="161" hits="28" branch="true" condition-coverage="100% (4/4)">
							<conditions>
								<condition number="0" type="jump" coverage="100%"/>
								<condition number="1" type="jump" coverage="100%"/>
							</conditions>
						</line>
						<line number="171" hits="406" branch="false"/>
						<line number="172" hits="406" branch="false"/>
						<line number="173" hits="406" branch="false"/>
						<line number="184" hits="98" branch="true" condition-coverage="100% (4/4)">
							<conditions>
								<condition number="0" type="jump" coverage="100%"/>
								<condition number="1" type="jump" coverage="100%"/>
							</conditions>
						</line>
						<line number="194" hits="21" branch="false"/>
						<line number="196" hits="21" branch="false"/>
						<line number="197" hits="21" branch="false"/>
						<line number="198" hits="21" branch="false"/>
						<line number="199" hits="21" branch="false"/>
						<line number="200" hits="56" branch="true" condition-coverage="100% (2/2)">
							<conditions>
								<condition number="0" type="jump" coverage="100%"/>
							</conditions>
						</line>
						<line number="201" hits="147" branch="true" condition-coverage="100% (2/2)">
							<conditions>
								<condition number="0" type="jump" coverage="100%"/>
							</conditions>
						</line>
						<line number="202" hits="112" branch="false"/>
						<line number="203" hits="112" branch="false"/>
						<line number="204" hits="112" branch="false"/>
						<line number="205" hits="35" branch="false"/>
						<line number="206" hits="35" branch="false"/>
						<line number="207" hits="35" branch="false"/>
						<line number="210" hits="21" branch="false"/>
						<line number="220" hits="14" branch="false"/>
						<line number="234" hits="49" branch="true" condition-coverage="100% (2/2)">
							<conditions>
								<condition number="0" type="jump" coverage="100%"/>
							</conditions>
						</line>
						<line number="235" hits="21" branch="false"/>
						<line number="237" hits="28" branch="false"/>
						<line number="249" hits="56" branch="true" condition-coverage="100% (4/4)">
							<conditions>
								<condition number="0" type="jump" coverage="100%"/>
								<condition number="1" type="jump" coverage="100%"/>
							</conditions>
						</line>
						<line number="250" hits="14" branch="false"/>
						<line number="253" hits="42" branch="false"/>
						<line number="254" hits="42" branch="false"/>
						<line number="255" hits="42" branch="false"/>
						<line number="257" hits="105" branch="true" condition-coverage="100% (2/2)">
							<conditions>
								<condition number="0" type="jump" coverage="100%"/>
							</conditions>
						</line>
						<line number="258" hits="231" branch="true" condition-coverage="100% (2/2)">
							<conditions>
								<condition number="0" type="jump" coverage="100%"/>
							</conditions>
						</line>
						<line number="259" hits="168" branch="false"/>
						<line number="260" hits="168" branch="false"/>
						<line number="261" hits="168" branch="false"/>
						<line number="262" hits="63" branch="false"/>
						<line number="263" hits="63" branch="false"/>
						<line number="266" hits="42" branch="false"/>
						<line number="276" hits="49" branch="true" condition-coverage="100% (4/4)">
							<conditions>
								<condition number="0" type="jump" coverage="100%"/>
								<condition number="1" type="jump" coverage="100%"/>
							</conditions>
						</line>
						<line number="277" hits="14" branch="false"/>
						<line number="280" hits="35" branch="false"/>
						<line number="281" hits="35" branch="false"/>
						<line number="282" hits="35" branch="false"/>
						<line number="284" hits="70" branch="true" condition-coverage="100% (2/2)">
							<conditions>
								<condition number="0" type="jump" coverage="100%"/>
							</conditions>
						</line>
						<line number="285" hits="105" branch="true" condition-coverage="100% (2/2)">
							<conditions>
								<condition number="0" type="jump" coverage="100%"/>
							</conditions>
						</line>
						<line number="286" hits="70" branch="false"/>
						<line number="287" hits="70" branch="true" condition-coverage="100% (2/2)">
							<conditions>
								<condition number="0" type="jump" coverage="100%"/>
							</conditions>
						</line>
						<line number="288" hits="224" branch="true" condition-coverage="50% (1/2)">
							<conditions>
								<condition number="0" type="jump" coverage="50%"/>
							</conditions>
						</line>
						<line number="289" hits="224" branch="false"/>
						<line number="291" hits="224" branch="false"/>
						<line number="292" hits="70" branch="false"/>
						<line number="293" hits="35" branch="false"/>
						<line number="294" hits="35" branch="false"/>
						<line number="297" hits="35" branch="false"/>
						<line number="306" hits="910" branch="false"/>
						<line number="308" hits="910" branch="false"/>
						<line number="310" hits="5299" branch="false"/>
						<line number="312" hits="5299" branch="true" condition-coverage="100% (2/2)">
							<conditions>
								<condition number="0" type="jump" coverage="100%"/>
							</conditions>
						</line>
						<line number="313" hits="910" branch="false"/>
						<line number="315" hits="4389" branch="false"/>
						<line number="318" hits="4389" branch="false"/>
						<line number="321" hits="910" branch="false"/>
						<line number="331" hits="7" branch="false"/>
						<line number="333" hits="56" branch="true" condition-coverage="100% (2/2)">
							<conditions>
								<condition number="0" type="jump" coverage="100%"/>
							</conditions>
						</line>
						<line number="334" hits="49" branch="true" condition-coverage="100% (2/2)">
							<conditions>
								<condition number="0" type="jump" coverage="100%"/>
							</conditions>
						</line>
						<line number="335" hits="21" branch="false"/>
						<line number="339" hits="7" branch="false"/>
						<line number="352" hits="84" branch="false"/>
						<line number="353" hits="84" branch="false"/>
						<line number="355" hits="84" branch="false"/>
						<line number="364" hits="7" branch="false"/>
						<line number="366" hits="7" branch="true" condition-coverage="100% (2/2)">
							<conditions>
								<condition number="0" type="jump" coverage="100%"/>
							</conditions>
						</line>
						<line number="367" hits="28" branch="false"/>
						<line number="368" hits="28" branch="false"/>
						<line number="370" hits="7" branch="false"/>
						<line number="381" hits="14" branch="false"/>
						<line number="382" hits="14" branch="false"/>
						<line number="383" hits="14" branch="false"/>
						<line number="394" hits="21" branch="false"/>
						<line number="395" hits="21" branch="false"/>
						<line number="396" hits="21" branch="false"/>
						<line number="406" hits="7" branch="false"/>
						<line number="416" hits="182" branch="false"/>
						<line number="419" hits="182" branch="true" condition-coverage="100% (2/2)">
							<conditions>
								<condition number="0" type="jump" coverage="100%"/>
							</conditions>
						</line>
						<line number="420" hits="840" branch="true" condition-coverage="100% (2/2)">
							<conditions>
								<condition number="0" type="jump" coverage="100%"/>
							</conditions>
						</line>
						<line number="421" hits="490" branch="false"/>
						<line number="422" hits="490" branch="false"/>
						<line number="423" hits="490" branch="false"/>
						<line number="425" hits="840" branch="false"/>
						<line number="427" hits="182" branch="false"/>
						<line number="436" hits="119" branch="false"/>
						<line number="446" hits="84" branch="true" condition-coverage="100% (2/2)">
							<conditions>
								<condition number="0" type="jump" coverage="100%"/>
							</conditions>
						</line>
						<line number="447" hits="7" branch="false"/>
						<line number="450" hits="77" branch="false"/>
						<line number="463" hits="196" branch="true" condition-coverage="100% (2/2)">
							<conditions>
								<condition number="0" type="jump" coverage="100%"/>
							</conditions>
						</line>
						<line number="464" hits="119" branch="false"/>
						<line number="466" hits="77" branch="false"/>
						<line number="469" hits="196" branch="false"/>
						<line number="472" hits="196" branch="true" condition-coverage="100% (2/2)">
							<conditions>
								<condition number="0" type="jump" coverage="100%"/>
							</conditions>
						</line>
						<line number="473" hits="497" branch="false"/>
						<line number="474" hits="497" branch="false"/>
						<line number="475" hits="497" branch="false"/>
						<line number="476" hits="497" branch="false"/>
						<line number="478" hits="196" branch="false"/>
						<line number="487" hits="2016" branch="false"/>
						<line number="494" hits="28" branch="true" condition-coverage="100% (2/2)">
							<conditions>
								<condition number="0" type="jump" coverage="100%"/>
							</conditions>
						</line>
						<line number="505" hits="14" branch="false"/>
						<line number="506" hits="14" branch="false"/>
						<line number="507" hits="14" branch="true" condition-coverage="100% (2/2)">
							<conditions>
								<condition number="0" type="jump" coverage="100%"/>
							</conditions>
						</line>
						<line number="508" hits="28" branch="false"/>
						<line number="509" hits="28" branch="false"/>
						<line number="510" hits="28" branch="false"/>
						<line number="512" hits="14" branch="false"/>
						<line number="523" hits="14" branch="false"/>
						<line number="524" hits="14" branch="false"/>
						<line number="525" hits="112" branch="true" condition-coverage="100% (2/2)">
							<conditions>
								<condition number="0" type="jump" coverage="100%"/>
							</conditions>
						</line>
						<line number="526" hits="98" branch="false"/>
						<line number="529" hits="14" branch="false"/>
						<line number="537" hits="119" branch="false"/>
					</lines>
				</class>
				<class name="de.uni_potsdam.hpi.metanome.algorithm_helper.data_structures.SubSetFindTask" filename="de/uni_potsdam/hpi/metanome/algorithm_helper/data_structures/SubSuperSetGraph.java" line-rate="1.0" branch-rate="1.0" complexity="2.75">
					<methods>
						<method name="&lt;init&gt;" signature="(Lde/uni_potsdam/hpi/metanome/algorithm_helper/data_structures/SubSuperSetGraph;ILde/uni_potsdam/hpi/metanome/algorithm_helper/data_structures/ColumnCombinationBitset;)V" line-rate="1.0" branch-rate="1.0">
							<lines>
								<line number="147" hits="112" branch="false"/>
								<line number="148" hits="112" branch="false"/>
								<line number="149" hits="112" branch="false"/>
								<line number="150" hits="112" branch="false"/>
								<line number="151" hits="112" branch="false"/>
							</lines>
						</method>
					</methods>
					<lines>
						<line number="147" hits="112" branch="false"/>
						<line number="148" hits="112" branch="false"/>
						<line number="149" hits="112" branch="false"/>
						<line number="150" hits="112" branch="false"/>
						<line number="151" hits="112" branch="false"/>
					</lines>
				</class>
				<class name="de.uni_potsdam.hpi.metanome.algorithm_helper.data_structures.SubSuperSetGraph" filename="de/uni_potsdam/hpi/metanome/algorithm_helper/data_structures/SubSuperSetGraph.java" line-rate="1.0" branch-rate="0.75" complexity="2.75">
					<methods>
						<method name="&lt;init&gt;" signature="()V" line-rate="1.0" branch-rate="1.0">
							<lines>
								<line number="18" hits="595" branch="false"/>
								<line number="20" hits="595" branch="false"/>
							</lines>
						</method>
						<method name="add" signature="(Lde/uni_potsdam/hpi/metanome/algorithm_helper/data_structures/ColumnCombinationBitset;)Lde/uni_potsdam/hpi/metanome/algorithm_helper/data_structures/SubSuperSetGraph;" line-rate="1.0" branch-rate="1.0">
							<lines>
								<line number="30" hits="161" branch="false"/>
								<line number="32" hits="161" branch="true" condition-coverage="100% (2/2)">
									<conditions>
										<condition number="0" type="jump" coverage="100%"/>
									</conditions>
								</line>
								<line number="33" hits="616" branch="false"/>
								<line number="34" hits="616" branch="false"/>
								<line number="36" hits="161" branch="false"/>
							</lines>
						</method>
						<method name="addAll" signature="(Ljava/util/Collection;)Lde/uni_potsdam/hpi/metanome/algorithm_helper/data_structures/SubSuperSetGraph;" line-rate="1.0" branch-rate="1.0">
							<lines>
								<line number="46" hits="7" branch="true" condition-coverage="100% (2/2)">
									<conditions>
										<condition number="0" type="jump" coverage="100%"/>
									</conditions>
								</line>
								<line number="47" hits="35" branch="false"/>
								<line number="48" hits="35" branch="false"/>
								<line number="50" hits="7" branch="false"/>
							</lines>
						</method>
						<method name="equals" signature="(Ljava/lang/Object;)Z" line-rate="1.0" branch-rate="0.5">
							<lines>
								<line number="121" hits="203" branch="true" condition-coverage="50% (1/2)">
									<conditions>
										<condition number="0" type="jump" coverage="50%"/>
									</conditions>
								</line>
								<line number="122" hits="203" branch="true" condition-coverage="50% (2/4)">
									<conditions>
										<condition number="0" type="jump" coverage="50%"/>
										<condition number="1" type="jump" coverage="50%"/>
									</conditions>
								</line>
								<line number="124" hits="203" branch="false"/>
								<line number="126" hits="203" branch="true" condition-coverage="50% (3/6)">
									<conditions>
										<condition number="0" type="jump" coverage="50%"/>
										<condition number="1" type="jump" coverage="100%"/>
										<condition number="2" type="jump" coverage="0%"/>
									</conditions>
								</line>
							</lines>
						</method>
						<method name="getExistingSubsets" signature="(Lde/uni_potsdam/hpi/metanome/algorithm_helper/data_structures/ColumnCombinationBitset;)Ljava/util/ArrayList;" line-rate="1.0" branch-rate="1.0">
							<lines>
								<line number="77" hits="7" branch="false"/>
								<line number="80" hits="7" branch="false"/>
								<line number="81" hits="7" branch="false"/>
								<line number="83" hits="119" branch="true" condition-coverage="100% (2/2)">
									<conditions>
										<condition number="0" type="jump" coverage="100%"/>
									</conditions>
								</line>
								<line number="84" hits="112" branch="false"/>
								<line number="86" hits="112" branch="true" condition-coverage="100% (2/2)">
									<conditions>
										<condition number="0" type="jump" coverage="100%"/>
									</conditions>
								</line>
								<line number="87" hits="21" branch="false"/>
								<line number="88" hits="21" branch="false"/>
								<line number="92" hits="420" branch="true" condition-coverage="100% (2/2)">
									<conditions>
										<condition number="0" type="jump" coverage="100%"/>
									</conditions>
								</line>
								<line number="93" hits="329" branch="false"/>
								<line number="95" hits="329" branch="false"/>
								<line number="98" hits="329" branch="true" condition-coverage="100% (2/2)">
									<conditions>
										<condition number="0" type="jump" coverage="100%"/>
									</conditions>
								</line>
								<line number="100" hits="105" branch="false"/>
								<line number="104" hits="105" branch="false"/>
								<line number="107" hits="91" branch="false"/>
								<line number="109" hits="7" branch="false"/>
							</lines>
						</method>
						<method name="hashCode" signature="()I" line-rate="1.0" branch-rate="0.5">
							<lines>
								<line number="131" hits="196" branch="true" condition-coverage="50% (1/2)">
									<conditions>
										<condition number="0" type="jump" coverage="50%"/>
									</conditions>
								</line>
							</lines>
						</method>
						<method name="isEmpty" signature="()Z" line-rate="1.0" branch-rate="1.0">
							<lines>
								<line number="116" hits="126" branch="false"/>
							</lines>
						</method>
						<method name="lazySubGraphGeneration" signature="(I)Lde/uni_potsdam/hpi/metanome/algorithm_helper/data_structures/SubSuperSetGraph;" line-rate="1.0" branch-rate="1.0">
							<lines>
								<line number="60" hits="616" branch="false"/>
								<line number="62" hits="616" branch="true" condition-coverage="100% (2/2)">
									<conditions>
										<condition number="0" type="jump" coverage="100%"/>
									</conditions>
								</line>
								<line number="63" hits="532" branch="false"/>
								<line number="64" hits="532" branch="false"/>
								<line number="67" hits="616" branch="false"/>
							</lines>
						</method>
					</methods>
					<lines>
						<line number="18" hits="595" branch="false"/>
						<line number="20" hits="595" branch="false"/>
						<line number="30" hits="161" branch="false"/>
						<line number="32" hits="161" branch="true" condition-coverage="100% (2/2)">
							<conditions>
								<condition number="0" type="jump" coverage="100%"/>
							</conditions>
						</line>
						<line number="33" hits="616" branch="false"/>
						<line number="34" hits="616" branch="false"/>
						<line number="36" hits="161" branch="false"/>
						<line number="46" hits="7" branch="true" condition-coverage="100% (2/2)">
							<conditions>
								<condition number="0" type="jump" coverage="100%"/>
							</conditions>
						</line>
						<line number="47" hits="35" branch="false"/>
						<line number="48" hits="35" branch="false"/>
						<line number="50" hits="7" branch="false"/>
						<line number="60" hits="616" branch="false"/>
						<line number="62" hits="616" branch="true" condition-coverage="100% (2/2)">
							<conditions>
								<condition number="0" type="jump" coverage="100%"/>
							</conditions>
						</line>
						<line number="63" hits="532" branch="false"/>
						<line number="64" hits="532" branch="false"/>
						<line number="67" hits="616" branch="false"/>
						<line number="77" hits="7" branch="false"/>
						<line number="80" hits="7" branch="false"/>
						<line number="81" hits="7" branch="false"/>
						<line number="83" hits="119" branch="true" condition-coverage="100% (2/2)">
							<conditions>
								<condition number="0" type="jump" coverage="100%"/>
							</conditions>
						</line>
						<line number="84" hits="112" branch="false"/>
						<line number="86" hits="112" branch="true" condition-coverage="100% (2/2)">
							<conditions>
								<condition number="0" type="jump" coverage="100%"/>
							</conditions>
						</line>
						<line number="87" hits="21" branch="false"/>
						<line number="88" hits="21" branch="false"/>
						<line number="92" hits="420" branch="true" condition-coverage="100% (2/2)">
							<conditions>
								<condition number="0" type="jump" coverage="100%"/>
							</conditions>
						</line>
						<line number="93" hits="329" branch="false"/>
						<line number="95" hits="329" branch="false"/>
						<line number="98" hits="329" branch="true" condition-coverage="100% (2/2)">
							<conditions>
								<condition number="0" type="jump" coverage="100%"/>
							</conditions>
						</line>
						<line number="100" hits="105" branch="false"/>
						<line number="104" hits="105" branch="false"/>
						<line number="107" hits="91" branch="false"/>
						<line number="109" hits="7" branch="false"/>
						<line number="116" hits="126" branch="false"/>
						<line number="121" hits="203" branch="true" condition-coverage="50% (1/2)">
							<conditions>
								<condition number="0" type="jump" coverage="50%"/>
							</conditions>
						</line>
						<line number="122" hits="203" branch="true" condition-coverage="50% (2/4)">
							<conditions>
								<condition number="0" type="jump" coverage="50%"/>
								<condition number="1" type="jump" coverage="50%"/>
							</conditions>
						</line>
						<line number="124" hits="203" branch="false"/>
						<line number="126" hits="203" branch="true" condition-coverage="50% (3/6)">
							<conditions>
								<condition number="0" type="jump" coverage="50%"/>
								<condition number="1" type="jump" coverage="100%"/>
								<condition number="2" type="jump" coverage="0%"/>
							</conditions>
						</line>
						<line number="131" hits="196" branch="true" condition-coverage="50% (1/2)">
							<conditions>
								<condition number="0" type="jump" coverage="50%"/>
							</conditions>
						</line>
					</lines>
				</class>
			</classes>
		</package>
	</packages>
</coverage>
